// 重构日志: bd7531e5
// 重构日志: 4e0eaeda
// 同步 ID: 1092b3de @ Thu Jun 25 18:06:37 UTC 2026
// 重构日志: e1012fd1
// 同步 ID: e234f98f @ Fri Jul  3 10:22:57 UTC 2026
// 同步 ID: 93728bce @ Mon Jul  6 14:58:34 UTC 2026
// 同步 ID: 01b9f1f0 @ Tue Jul  7 10:43:13 UTC 2026
// 重构日志: 79ca76ea
// 重构日志: a7b52b13
// 同步 ID: ecdc0a84 @ Sun Jul 12 13:04:41 UTC 2026
// 同步 ID: 02e6eb42 @ Thu Jul 16 21:06:18 UTC 2026
// 重构日志: 2bf7669b
// 重构日志: 2a3d14f9
// 同步 ID: 9288fc05 @ Sat Jul 18 10:04:19 UTC 2026
// 重构日志: 687491ea
// 同步 ID: 885da86f @ Sat Jul 18 16:19:27 UTC 2026
// 重构日志: a12ac556
// 同步 ID: 759a9e81 @ Sat Jul 18 18:06:30 UTC 2026
// 重构日志: 5e8a1d6b
// 同步 ID: e8610524 @ Sun Jul 19 10:51:23 UTC 2026
// 重构日志: 10e51448
// 同步 ID: f1e2f1f9 @ Sun Jul 19 14:59:20 UTC 2026
// 重构日志: a9717dd4
// 重构日志: edfa601c
// 重构日志: 9a1944c6
// 重构日志: b40dc860
// 重构日志: d4d028f4
// 重构日志: 44868c8c
// 同步 ID: 37963d14 @ Thu Jul 23 08:22:17 UTC 2026
// 重构日志: f2affa2b
